<?xml version="1.0" encoding="UTF-8"?>
<!-- Generated by org.testng.reporters.JUnitReportReporter -->
<testsuite skipped="0" hostname="Admin-PC" name="testcases.TC2" tests="1" failures="0" timestamp="09 Apr 2019 23:05:33 GMT" time="55.653" errors="0">
  <testcase name="logincheck" time="55.653" classname="testcases.TC2"/>
</testsuite> <!-- testcases.TC2 -->
