<?xml version="1.0" encoding="UTF-8"?>
<!-- Generated by org.testng.reporters.JUnitReportReporter -->
<testsuite skipped="0" hostname="Admin-PC" name="testcases.TC1" tests="2" failures="0" timestamp="09 Apr 2019 19:00:28 GMT" time="35.171" errors="0">
  <testcase name="openbrowser" time="27.582" classname="testcases.TC1"/>
  <testcase name="openurl" time="7.589" classname="testcases.TC1"/>
</testsuite> <!-- testcases.TC1 -->
